<?xml version="1.0" encoding="UTF-8"?>
<!-- Generated by org.testng.reporters.JUnitReportReporter -->
<testsuite hostname="DESKTOP-PIRPPEB" failures="0" tests="9" name="com.nse.tests.StockSelection" time="85.614" errors="0" timestamp="2025-04-10T15:16:04 GST" skipped="0">
  <testcase classname="com.nse.tests.StockSelection" name="verifyStock" time="7.189"/>
  <testcase classname="com.nse.tests.StockSelection" name="verifyStock" time="9.816"/>
  <testcase classname="com.nse.tests.StockSelection" name="verifyStock" time="10.699"/>
  <testcase classname="com.nse.tests.StockSelection" name="verifyStock" time="10.105"/>
  <testcase classname="com.nse.tests.StockSelection" name="verifyStock" time="11.346"/>
  <testcase classname="com.nse.tests.StockSelection" name="verifyStock" time="9.456"/>
  <testcase classname="com.nse.tests.StockSelection" name="verifyStock" time="9.172"/>
  <testcase classname="com.nse.tests.StockSelection" name="verifyStock" time="7.428"/>
  <testcase classname="com.nse.tests.StockSelection" name="verifyStock" time="10.403"/>
</testsuite> <!-- com.nse.tests.StockSelection -->
